<?xml version="1.0" encoding="UTF-8"?>
<!-- Generated by org.testng.reporters.JUnitXMLReporter -->
<testsuite ignored="0" hostname="SarthakDell" failures="0" tests="3" name="Default test" time="20.354" errors="0" timestamp="2023-09-14T22:47:58 GMT-04:00">
  <testcase classname="com.qa.tutorialsninja.TestCases.SearchProductTest" name="verifySearchWithValidProduct" time="1.296"/>
  <testcase classname="com.qa.tutorialsninja.TestCases.SearchProductTest" name="verifySearchWithInvalidProduct" time="1.13"/>
  <testcase classname="com.qa.tutorialsninja.TestCases.SearchProductTest" name="verifySearchWithNoProduct" time="1.221"/>
</testsuite> <!-- Default test -->
