<?xml version="1.0" encoding="UTF-8"?>
<!-- Generated by org.testng.reporters.JUnitXMLReporter -->
<testsuite ignored="7" hostname="SarthakDell" failures="1" tests="5" name="Test" time="33.006" errors="0" timestamp="2023-09-17T20:27:23 GMT-04:00">
  <testcase classname="com.qa.tutorialsninja.TestCases.SearchProductTest" name="verifySearchWithValidProduct" time="0.804"/>
  <testcase classname="com.qa.tutorialsninja.TestCases.SearchProductTest" name="verifySearchWithInvalidProduct" time="0.761">
    <failure type="java.lang.AssertionError" message="expected [false] but found [true]">
      <![CDATA[java.lang.AssertionError: expected [false] but found [true]
at com.qa.tutorialsninja.TestCases.SearchProductTest.verifySearchWithInvalidProduct(SearchProductTest.java:41)
at java.base/java.util.ArrayList.forEach(ArrayList.java:1511)
... Removed 31 stack frames]]>
    </failure>
  </testcase> <!-- verifySearchWithInvalidProduct -->
  <testcase classname="com.qa.tutorialsninja.TestCases.SearchProductTest" name="verifySearchWithNoProduct" time="0.0">
    <skipped/>
  </testcase> <!-- verifySearchWithNoProduct -->
  <testcase classname="com.qa.tutorialsninja.TestCases.LoginTest" name="verifyLoginWithNoCredentials" time="0.558"/>
  <testcase classname="com.qa.tutorialsninja.TestCases.RegisterTest" name="verifyRegisterWithMandatoryDetails" time="1.788"/>
  <testcase classname="com.qa.tutorialsninja.TestCases.RegisterTest" name="verifyRegisterWithNoDetails" time="0.0">
    <ignored/>
  </testcase> <!-- verifyRegisterWithNoDetails -->
  <testcase classname="com.qa.tutorialsninja.TestCases.LoginTest" name="verifyLoginWithInvalidEmailValidPassword" time="0.0">
    <ignored/>
  </testcase> <!-- verifyLoginWithInvalidEmailValidPassword -->
  <testcase classname="com.qa.tutorialsninja.TestCases.RegisterTest" name="verifyRegisterWithAllDetails" time="0.0">
    <ignored/>
  </testcase> <!-- verifyRegisterWithAllDetails -->
  <testcase classname="com.qa.tutorialsninja.TestCases.LoginTest" name="verifyLoginWithValidEmailInvalidPassword" time="0.0">
    <ignored/>
  </testcase> <!-- verifyLoginWithValidEmailInvalidPassword -->
  <testcase classname="com.qa.tutorialsninja.TestCases.LoginTest" name="verifyLoginWithValidCredentials" time="0.0">
    <ignored/>
  </testcase> <!-- verifyLoginWithValidCredentials -->
  <testcase classname="com.qa.tutorialsninja.TestCases.RegisterTest" name="verifyRegisterWithExistingEmail" time="0.0">
    <ignored/>
  </testcase> <!-- verifyRegisterWithExistingEmail -->
  <testcase classname="com.qa.tutorialsninja.TestCases.LoginTest" name="verifyLoginWithInvalidCredentials" time="0.0">
    <ignored/>
  </testcase> <!-- verifyLoginWithInvalidCredentials -->
</testsuite> <!-- Test -->
